TN:
SF:src\config\plugins\args.plugin.ts
FNF:0
FNH:0
DA:1,1
DA:2,1
DA:3,1
DA:4,1
DA:5,1
DA:6,1
DA:7,1
DA:8,1
DA:9,1
DA:10,1
DA:11,1
DA:12,1
DA:13,1
DA:14,1
DA:15,1
DA:16,1
DA:17,1
DA:18,1
DA:19,1
DA:20,1
DA:21,1
DA:22,1
DA:23,1
DA:24,1
DA:25,1
DA:26,1
DA:27,1
DA:28,1
DA:29,1
DA:30,1
DA:31,1
DA:32,1
DA:33,1
DA:34,1
DA:35,1
DA:36,1
DA:37,1
DA:38,1
DA:39,1
DA:40,1
DA:41,1
DA:42,1
DA:43,1
DA:44,1
DA:45,1
DA:46,1
DA:47,1
DA:48,1
DA:49,1
DA:50,1
LF:50
LH:50
BRDA:36,0,0,1
BRDA:40,1,0,0
BRDA:41,2,0,0
BRDA:45,3,0,0
BRDA:46,4,0,0
BRF:5
BRH:1
end_of_record
TN:
SF:src\domain\use-case\create-table.use-case.ts
FN:17,CreateTable
FN:19,execute
FNF:2
FNH:2
FNDA:2,CreateTable
FNDA:2,execute
DA:1,1
DA:2,1
DA:3,1
DA:4,1
DA:5,1
DA:6,1
DA:7,1
DA:8,1
DA:9,1
DA:10,1
DA:11,1
DA:12,1
DA:13,1
DA:14,1
DA:15,1
DA:16,1
DA:17,1
DA:18,1
DA:19,1
DA:20,2
DA:21,2
DA:22,2
DA:23,30
DA:24,30
DA:25,30
DA:26,30
DA:27,2
DA:28,2
DA:29,1
DA:30,1
LF:30
LH:30
BRDA:17,0,0,2
BRDA:19,1,0,2
BRDA:22,2,0,30
BRDA:25,3,0,28
BRF:4
BRH:4
end_of_record
TN:
SF:src\domain\use-case\save-file.use-case.ts
FN:17,SaveFile
FN:19,saveFile
FNF:2
FNH:2
FNDA:4,SaveFile
FNDA:4,saveFile
DA:1,1
DA:2,1
DA:3,1
DA:4,1
DA:5,1
DA:6,1
DA:7,1
DA:8,1
DA:9,1
DA:10,1
DA:11,1
DA:12,1
DA:13,1
DA:14,1
DA:15,1
DA:16,1
DA:17,1
DA:18,1
DA:19,1
DA:20,4
DA:21,4
DA:22,4
DA:23,4
DA:24,4
DA:25,4
DA:26,4
DA:27,4
DA:28,4
DA:29,4
DA:30,2
DA:31,2
DA:32,2
DA:33,4
DA:34,1
DA:35,1
LF:35
LH:35
BRDA:17,0,0,4
BRDA:19,1,0,4
BRDA:29,2,0,2
BRF:3
BRH:3
end_of_record
